
> stock-management@0.1.0 dev /app
> next dev --turbopack

▲ Next.js 16.1.1 (Turbopack)
- Local:         http://localhost:3000
- Network:       http://192.168.0.2:3000
- Experiments (use with caution):
  · clientTraceMetadata

✓ Starting...
Attention: Next.js now collects completely anonymous telemetry regarding usage.
This information is used to shape Next.js' roadmap and prioritize features.
You can learn more, including how to opt-out if you'd not like to participate in this anonymous program, by visiting the following URL:
https://nextjs.org/telemetry

✓ Ready in 5s
○ Compiling /login ...
 GET /login 200 in 10.7s (compile: 8.8s, proxy.ts: 577ms, render: 1253ms)
 POST /login 200 in 109ms (compile: 17ms, proxy.ts: 9ms, render: 83ms)
○ Compiling /api/auth/[...nextauth] ...
 POST /login 200 in 160ms (compile: 30ms, proxy.ts: 24ms, render: 106ms)
 POST /login 200 in 281ms (compile: 29ms, proxy.ts: 11ms, render: 241ms)
 GET /api/auth/session 200 in 8.2s (compile: 8.1s, proxy.ts: 19ms, render: 33ms)
 GET /api/auth/session 200 in 136ms (compile: 90ms, proxy.ts: 10ms, render: 36ms)
 POST /login 200 in 160ms (compile: 13ms, proxy.ts: 8ms, render: 139ms)
 POST /login 200 in 80ms (compile: 11ms, proxy.ts: 8ms, render: 61ms)
 POST /login 200 in 77ms (compile: 11ms, proxy.ts: 6ms, render: 60ms)
 POST /login 200 in 78ms (compile: 12ms, proxy.ts: 7ms, render: 59ms)
 POST /login 200 in 75ms (compile: 10ms, proxy.ts: 6ms, render: 58ms)
 POST /login 200 in 77ms (compile: 10ms, proxy.ts: 5ms, render: 61ms)
 GET /login 200 in 119ms (compile: 14ms, proxy.ts: 10ms, render: 95ms)
 POST /login 200 in 82ms (compile: 10ms, proxy.ts: 7ms, render: 66ms)
 GET /api/auth/session 200 in 93ms (compile: 68ms, proxy.ts: 7ms, render: 18ms)
 GET /api/auth/session 200 in 40ms (compile: 21ms, proxy.ts: 11ms, render: 9ms)
 GET /api/auth/providers 200 in 39ms (compile: 24ms, proxy.ts: 6ms, render: 9ms)
 GET /api/auth/csrf 200 in 39ms (compile: 15ms, proxy.ts: 12ms, render: 13ms)
 POST /api/auth/callback/credentials? 200 in 2.9s (compile: 16ms, proxy.ts: 8ms, render: 2.9s)
 GET /api/auth/session 200 in 89ms (compile: 57ms, proxy.ts: 8ms, render: 24ms)
(node:3001) [DEP0060] DeprecationWarning: The `util._extend` API is deprecated. Please use Object.assign() instead.
(Use `node --trace-deprecation ...` to show where the warning was created)
Failed to proxy https://o4510643961856000.ingest.us.sentry.io/api/4510643963559936/envelope/?o=4510643961856000&p=4510643963559936&r=us&hsts=0 AggregateError:
    at ignore-listed frames {
  code: 'ETIMEDOUT'
}
AggregateError:
    at ignore-listed frames {
  code: 'ETIMEDOUT'
}
 GET / 200 in 2.5s (compile: 2.4s, proxy.ts: 36ms, render: 61ms)
 GET / 200 in 99ms (compile: 16ms, proxy.ts: 30ms, render: 53ms)
Failed to proxy https://o4510643961856000.ingest.us.sentry.io/api/4510643963559936/envelope/?o=4510643961856000&p=4510643963559936&r=us&hsts=0 AggregateError:
    at ignore-listed frames {
  code: 'ETIMEDOUT'
}
AggregateError:
    at ignore-listed frames {
  code: 'ETIMEDOUT'
}
Failed to proxy https://o4510643961856000.ingest.us.sentry.io/api/4510643963559936/envelope/?o=4510643961856000&p=4510643963559936&r=us&hsts=0 AggregateError:
    at ignore-listed frames {
  code: 'ETIMEDOUT'
}
AggregateError:
    at ignore-listed frames {
  code: 'ETIMEDOUT'
}
○ Compiling / ...
Failed to proxy https://o4510643961856000.ingest.us.sentry.io/api/4510643963559936/envelope/?o=4510643961856000&p=4510643963559936&r=us&hsts=0 AggregateError:
    at ignore-listed frames {
  code: 'ETIMEDOUT'
}
AggregateError:
    at ignore-listed frames {
  code: 'ETIMEDOUT'
}
Failed to proxy https://o4510643961856000.ingest.us.sentry.io/api/4510643963559936/envelope/?o=4510643961856000&p=4510643963559936&r=us&hsts=0 AggregateError:
    at ignore-listed frames {
  code: 'ETIMEDOUT'
}
AggregateError:
    at ignore-listed frames {
  code: 'ETIMEDOUT'
}
 GET /raw-materials 200 in 4.7s (compile: 4.6s, proxy.ts: 17ms, render: 110ms)
 GET /raw-materials 200 in 134ms (compile: 30ms, proxy.ts: 7ms, render: 98ms)
Failed to proxy https://o4510643961856000.ingest.us.sentry.io/api/4510643963559936/envelope/?o=4510643961856000&p=4510643963559936&r=us&hsts=0 AggregateError:
    at ignore-listed frames {
  code: 'ETIMEDOUT'
}
AggregateError:
    at ignore-listed frames {
  code: 'ETIMEDOUT'
}
Failed to proxy https://o4510643961856000.ingest.us.sentry.io/api/4510643963559936/envelope/?o=4510643961856000&p=4510643963559936&r=us&hsts=0 AggregateError:
    at ignore-listed frames {
  code: 'ETIMEDOUT'
}
AggregateError:
    at ignore-listed frames {
  code: 'ETIMEDOUT'
}
Failed to proxy https://o4510643961856000.ingest.us.sentry.io/api/4510643963559936/envelope/?o=4510643961856000&p=4510643963559936&r=us&hsts=0 AggregateError:
    at ignore-listed frames {
  code: 'ETIMEDOUT'
}
AggregateError:
    at ignore-listed frames {
  code: 'ETIMEDOUT'
}
 GET /api/raw-materials 200 in 2.1s (compile: 1038ms, proxy.ts: 11ms, render: 1092ms)
 GET /api/raw-materials 200 in 1066ms (compile: 10ms, proxy.ts: 7ms, render: 1049ms)
Failed to proxy https://o4510643961856000.ingest.us.sentry.io/api/4510643963559936/envelope/?o=4510643961856000&p=4510643963559936&r=us&hsts=0 AggregateError:
    at ignore-listed frames {
  code: 'ETIMEDOUT'
}
AggregateError:
    at ignore-listed frames {
  code: 'ETIMEDOUT'
}
Failed to proxy https://o4510643961856000.ingest.us.sentry.io/api/4510643963559936/envelope/?o=4510643961856000&p=4510643963559936&r=us&hsts=0 AggregateError:
    at ignore-listed frames {
  code: 'ETIMEDOUT'
}
AggregateError:
    at ignore-listed frames {
  code: 'ETIMEDOUT'
}
 GET /login 200 in 220ms (compile: 52ms, proxy.ts: 23ms, render: 145ms)
 POST /login 200 in 105ms (compile: 20ms, proxy.ts: 18ms, render: 68ms)
 GET /api/auth/session 200 in 247ms (compile: 206ms, proxy.ts: 19ms, render: 22ms)
 GET /api/auth/providers 200 in 95ms (compile: 50ms, proxy.ts: 37ms, render: 7ms)
 GET /api/auth/session 200 in 95ms (compile: 45ms, proxy.ts: 28ms, render: 22ms)
 GET /api/auth/csrf 200 in 35ms (compile: 16ms, proxy.ts: 11ms, render: 8ms)
 POST /api/auth/callback/credentials? 200 in 1420ms (compile: 22ms, proxy.ts: 13ms, render: 1385ms)
 GET /api/auth/session 200 in 98ms (compile: 71ms, proxy.ts: 9ms, render: 18ms)
 GET / 200 in 96ms (compile: 31ms, proxy.ts: 14ms, render: 51ms)
 GET / 200 in 73ms (compile: 23ms, proxy.ts: 16ms, render: 34ms)
 GET /raw-materials 200 in 193ms (compile: 37ms, proxy.ts: 30ms, render: 126ms)
 GET /raw-materials 200 in 170ms (compile: 19ms, proxy.ts: 11ms, render: 141ms)
 GET /api/raw-materials 200 in 1121ms (compile: 20ms, proxy.ts: 20ms, render: 1081ms)
 GET /api/raw-materials 200 in 1079ms (compile: 10ms, proxy.ts: 6ms, render: 1062ms)
 GET /login 200 in 104ms (compile: 17ms, proxy.ts: 8ms, render: 79ms)
 POST /login 200 in 91ms (compile: 13ms, proxy.ts: 8ms, render: 70ms)
 GET /api/auth/session 200 in 110ms (compile: 92ms, proxy.ts: 6ms, render: 13ms)
 GET /api/auth/session 200 in 58ms (compile: 34ms, proxy.ts: 13ms, render: 11ms)
 GET /api/auth/providers 200 in 64ms (compile: 44ms, proxy.ts: 13ms, render: 7ms)
 GET /api/auth/csrf 200 in 45ms (compile: 19ms, proxy.ts: 15ms, render: 11ms)
 POST /api/auth/callback/credentials? 200 in 1409ms (compile: 23ms, proxy.ts: 9ms, render: 1377ms)
 GET /api/auth/session 200 in 104ms (compile: 82ms, proxy.ts: 6ms, render: 16ms)
 GET / 200 in 95ms (compile: 21ms, proxy.ts: 8ms, render: 66ms)
 GET / 200 in 166ms (compile: 32ms, proxy.ts: 31ms, render: 103ms)
 GET /raw-materials 200 in 169ms (compile: 24ms, proxy.ts: 21ms, render: 124ms)
 GET /raw-materials 200 in 84ms (compile: 16ms, proxy.ts: 17ms, render: 51ms)
Failed to proxy https://o4510643961856000.ingest.us.sentry.io/api/4510643963559936/envelope/?o=4510643961856000&p=4510643963559936&r=us&hsts=0 AggregateError:
    at ignore-listed frames {
  code: 'ETIMEDOUT'
}
AggregateError:
    at ignore-listed frames {
  code: 'ETIMEDOUT'
}
Failed to proxy https://o4510643961856000.ingest.us.sentry.io/api/4510643963559936/envelope/?o=4510643961856000&p=4510643963559936&r=us&hsts=0 AggregateError:
    at ignore-listed frames {
  code: 'ETIMEDOUT'
}
AggregateError:
    at ignore-listed frames {
  code: 'ETIMEDOUT'
}
Failed to proxy https://o4510643961856000.ingest.us.sentry.io/api/4510643963559936/envelope/?o=4510643961856000&p=4510643963559936&r=us&hsts=0 AggregateError:
    at ignore-listed frames {
  code: 'ETIMEDOUT'
}
AggregateError:
    at ignore-listed frames {
  code: 'ETIMEDOUT'
}
 GET /api/raw-materials 200 in 1101ms (compile: 15ms, proxy.ts: 15ms, render: 1071ms)
Failed to proxy https://o4510643961856000.ingest.us.sentry.io/api/4510643963559936/envelope/?o=4510643961856000&p=4510643963559936&r=us&hsts=0 AggregateError:
    at ignore-listed frames {
  code: 'ETIMEDOUT'
}
AggregateError:
    at ignore-listed frames {
  code: 'ETIMEDOUT'
}
 GET /api/raw-materials 200 in 1065ms (compile: 11ms, proxy.ts: 8ms, render: 1045ms)
